<?xml version="1.0" encoding="UTF-8"?>
<testng-results skipped="0" failed="0" ignored="0" total="2" passed="2">
  <reporter-output>
  </reporter-output>
  <suite name="com.tokopedia.programming.test.GroceriesTest" duration-ms="59" started-at="2021-10-06T20:55:31 WIB" finished-at="2021-10-06T20:55:31 WIB">
    <groups>
    </groups>
    <test name="Command line test" duration-ms="59" started-at="2021-10-06T20:55:31 WIB" finished-at="2021-10-06T20:55:31 WIB">
      <class name="com.tokopedia.programming.test.GroceriesTest">
        <test-method status="PASS" signature="testGroceries()[pri:0, instance:com.tokopedia.programming.test.GroceriesTest@1794d431]" name="testGroceries" duration-ms="10" started-at="2021-10-06T20:55:31 WIB" finished-at="2021-10-06T20:55:31 WIB">
          <reporter-output>
          </reporter-output>
        </test-method> <!-- testGroceries -->
        <test-method status="PASS" signature="testPrintGroceries()[pri:0, instance:com.tokopedia.programming.test.GroceriesTest@1794d431]" name="testPrintGroceries" duration-ms="1" started-at="2021-10-06T20:55:31 WIB" finished-at="2021-10-06T20:55:31 WIB">
          <reporter-output>
          </reporter-output>
        </test-method> <!-- testPrintGroceries -->
      </class> <!-- com.tokopedia.programming.test.GroceriesTest -->
    </test> <!-- Command line test -->
  </suite> <!-- com.tokopedia.programming.test.GroceriesTest -->
</testng-results>
