<?xml version="1.0" encoding="UTF-8"?>
<!-- Generated by org.testng.reporters.JUnitXMLReporter -->
<testsuite hostname="BA-00015612.local" ignored="0" name="Command line test" tests="2" failures="0" timestamp="2021-10-06T20:55:36 WIB" time="0.059" errors="0">
  <testcase name="testGroceries" time="0.01" classname="com.tokopedia.programming.test.GroceriesTest"/>
  <testcase name="testPrintGroceries" time="0.001" classname="com.tokopedia.programming.test.GroceriesTest"/>
</testsuite> <!-- Command line test -->
